  StageLightTriangulation.cpp
pch.obj : warning LNK4075: ignoring '/EDITANDCONTINUE' due to '/INCREMENTAL:NO' specification
StageLightTriangulation.obj : error LNK2019: unresolved external symbol "public: virtual bool __cdecl cv::VideoCapture::read(class cv::debug_build_guard::_OutputArray const &)" (?read@VideoCapture@cv@@UEAA_NAEBV_OutputArray@debug_build_guard@2@@Z) referenced in function main
StageLightTriangulation.obj : error LNK2019: unresolved external symbol "void __cdecl cv::imshow(class cv::String const &,class cv::debug_build_guard::_InputArray const &)" (?imshow@cv@@YAXAEBVString@1@AEBV_InputArray@debug_build_guard@1@@Z) referenced in function main
StageLightTriangulation.obj : error LNK2019: unresolved external symbol "void __cdecl cv::blur(class cv::debug_build_guard::_InputArray const &,class cv::debug_build_guard::_OutputArray const &,class cv::Size_<int>,class cv::Point_<int>,int)" (?blur@cv@@YAXAEBV_InputArray@debug_build_guard@1@AEBV_OutputArray@31@V?$Size_@H@1@V?$Point_@H@1@H@Z) referenced in function main
StageLightTriangulation.obj : error LNK2019: unresolved external symbol "void __cdecl cv::Canny(class cv::debug_build_guard::_InputArray const &,class cv::debug_build_guard::_OutputArray const &,double,double,int,bool)" (?Canny@cv@@YAXAEBV_InputArray@debug_build_guard@1@AEBV_OutputArray@31@NNH_N@Z) referenced in function main
StageLightTriangulation.obj : error LNK2019: unresolved external symbol "void __cdecl cv::cvtColor(class cv::debug_build_guard::_InputArray const &,class cv::debug_build_guard::_OutputArray const &,int,int)" (?cvtColor@cv@@YAXAEBV_InputArray@debug_build_guard@1@AEBV_OutputArray@31@HH@Z) referenced in function main
StageLightTriangulation.obj : error LNK2019: unresolved external symbol "void __cdecl cv::findContours(class cv::debug_build_guard::_InputOutputArray const &,class cv::debug_build_guard::_OutputArray const &,class cv::debug_build_guard::_OutputArray const &,int,int,class cv::Point_<int>)" (?findContours@cv@@YAXAEBV_InputOutputArray@debug_build_guard@1@AEBV_OutputArray@31@1HHV?$Point_@H@1@@Z) referenced in function main
StageLightTriangulation.obj : error LNK2019: unresolved external symbol "void __cdecl cv::drawContours(class cv::debug_build_guard::_InputOutputArray const &,class cv::debug_build_guard::_InputArray const &,int,class cv::Scalar_<double> const &,int,int,class cv::debug_build_guard::_InputArray const &,int,class cv::Point_<int>)" (?drawContours@cv@@YAXAEBV_InputOutputArray@debug_build_guard@1@AEBV_InputArray@31@HAEBV?$Scalar_@N@1@HH1HV?$Point_@H@1@@Z) referenced in function main
C:\Users\Gabriel Young\source\repos\StageLightTriangulation\x64\Debug\StageLightTriangulation.exe : fatal error LNK1120: 7 unresolved externals
